<?xml version="1.0" encoding="UTF-8"?>
<testsuite xmlns:xsi="http://www.w3.org/2001/XMLSchema-instance" xsi:noNamespaceSchemaLocation="https://maven.apache.org/surefire/maven-surefire-plugin/xsd/surefire-test-report-3.0.xsd" version="3.0" name="com.weather.ServerTests" time="13.096" tests="6" errors="0" skipped="0" failures="0">
  <properties>
[...]
</properties>
  <testcase name="testGetRequestForNonExistentStation" classname="com.weather.ServerTests" time="1.155">
    <system-out><![CDATA[Starting Aggregation Server on port 4567...
No log file found or log is empty. Starting fresh
RequestListener is running and listening for client connections.

--- Running Test TC-007: GET Request for Non-existent Station ID ---
Attempting GET request for non-existent station: ID999
Client connected from: /127.0.0.1
Successfully connected to localhost:4567
Sent request at logical time: 1
Request from /127.0.0.1 added to queue. Queue size: 1
Received response. Update clock to: 3
--- Get Client Response --- 
Status: 404
Headers:
	Lamport-Clock: 2
----------------

--- Test TC-005 Finished ---

RequestListener thread shutting down.
RequestListener thread shutting down.
]]></system-out>
    <system-err><![CDATA[Error: null
Error accepting or processing client connection: Socket closed
]]></system-err>
  </testcase>
  <testcase name="testSuccessfulPutRequest" classname="com.weather.ServerTests" time="1.714">
    <system-out><![CDATA[Starting Aggregation Server on port 4567...
No log file found or log is empty. Starting fresh
RequestListener is running and listening for client connections.

--- Running Test TC-001: Successful PUT Request ---
Successfully connected to localhost:4567
Client connected from: /127.0.0.1
Sent request at logical time: 1
Request from /127.0.0.1 added to queue. Queue size: 1
PUT request for ID001 handled. Data stored.
Received response. Update clock to: 3
--- Content Server Response --- 
Status: 200
Headers:
	Lamport-Clock: 2
	Content-Length: 29
	Content-Type: text/plain
Body: Success: Data saved for ID001
----------------
Success: Data uploaded successfully.
Successfully connected to localhost:4567
Client connected from: /127.0.0.1
Sent request at logical time: 1
Request from /127.0.0.1 added to queue. Queue size: 1
Received response. Update clock to: 4
--- Get Client Response --- 
Status: 200
Headers:
	Lamport-Clock: 3
	Content-Length: 94
	Content-Type: application/json
----------------
Body:
  cloud: Partly cloudy
  temperature: 13.3
  location: Adelaide
  id: ID001
  state: SA
Expected: Server accepts PUT, then GET retrieves the same data. Look at the console for 'GET Client Response'.
--- Test TC-001 Finished ---

RequestListener thread shutting down.
RequestListener thread shutting down.
]]></system-out>
    <system-err><![CDATA[Error accepting or processing client connection: Socket closed
]]></system-err>
  </testcase>
  <testcase name="testSuccessfulGetRequest" classname="com.weather.ServerTests" time="2.017">
    <system-out><![CDATA[Starting Aggregation Server on port 4567...
No log file found or log is empty. Starting fresh
RequestListener is running and listening for client connections.

--- Running Test TC-002: Successful GET Request ---
Attempting to connect with ContentServer to add data...
Successfully connected to localhost:4567
Client connected from: /127.0.0.1
Sent request at logical time: 1
Request from /127.0.0.1 added to queue. Queue size: 1
PUT request for ID001 handled. Data stored.
Received response. Update clock to: 3
--- Content Server Response --- 
Status: 200
Headers:
	Lamport-Clock: 2
	Content-Length: 29
	Content-Type: text/plain
Body: Success: Data saved for ID001
----------------
Success: Data uploaded successfully.
Attempting to connect with GETClient to retrieve data...
Successfully connected to localhost:4567
Client connected from: /127.0.0.1
Sent request at logical time: 1
Request from /127.0.0.1 added to queue. Queue size: 1
Received response. Update clock to: 4
--- Get Client Response --- 
Status: 200
Headers:
	Lamport-Clock: 3
	Content-Length: 94
	Content-Type: application/json
----------------
Body:
  cloud: Partly cloudy
  temperature: 13.3
  location: Adelaide
  id: ID001
  state: SA
Expected Outcome: Server responds with a 200 OK status and the correct data body. Look at the console for 'GET Client Response'.
--- Test TC-002 Finished ---

RequestListener thread shutting down.
RequestListener thread shutting down.
]]></system-out>
    <system-err><![CDATA[Error accepting or processing client connection: Socket closed
]]></system-err>
  </testcase>
  <testcase name="testMixedGetAndPutRequests" classname="com.weather.ServerTests" time="2.619">
    <system-out><![CDATA[Starting Aggregation Server on port 4567...
No log file found or log is empty. Starting fresh
RequestListener is running and listening for client connections.

--- Running Test TC-004: Mixed GET and PUT Requests ---
Starting a mix of 3 PUT clients and 3 GET clients concurrently...
Successfully connected to localhost:4567
Successfully connected to localhost:4567
Client connected from: /127.0.0.1
Successfully connected to localhost:4567
Successfully connected to localhost:4567
Successfully connected to localhost:4567
Successfully connected to localhost:4567
Sent request at logical time: 1
Sent request at logical time: 1
Sent request at logical time: 1
Sent request at logical time: 1
Sent request at logical time: 1
Sent request at logical time: 1
Request from /127.0.0.1 added to queue. Queue size: 1
PUT request for ID000 handled. Data stored.
Client connected from: /127.0.0.1
Request from /127.0.0.1 added to queue. Queue size: 1
Client connected from: /127.0.0.1
Received response. Update clock to: 3
--- Content Server Response --- 
Status: 200
Headers:
	Lamport-Clock: 2
	Content-Length: 29
	Content-Type: text/plain
Body: Success: Data saved for ID000
----------------
Success: Data uploaded successfully.
PUT request for ID002 handled. Data stored.
Request from /127.0.0.1 added to queue. Queue size: 1
Client connected from: /127.0.0.1
Received response. Update clock to: 4
--- Content Server Response --- 
Status: 200
Headers:
	Lamport-Clock: 3
	Content-Length: 29
	Content-Type: text/plain
Request from /127.0.0.1 added to queue. Queue size: 2
Body: Success: Data saved for ID002
----------------
Success: Data uploaded successfully.
Client connected from: /127.0.0.1
PUT request for ID001 handled. Data stored.
Request from /127.0.0.1 added to queue. Queue size: 2
Client connected from: /127.0.0.1
Request from /127.0.0.1 added to queue. Queue size: 3
Received response. Update clock to: 6
--- Content Server Response --- 
Status: 200
Headers:
	Lamport-Clock: 5
	Content-Length: 29
	Content-Type: text/plain
Body: Success: Data saved for ID001
----------------
Success: Data uploaded successfully.
Received response. Update clock to: 8
--- Get Client Response --- 
Status: 200
Headers:
	Lamport-Clock: 7
	Content-Length: 54
	Content-Type: application/json
----------------
Body:
  temperature: 20.5
  location: City0
  id: ID000
Received response. Update clock to: 8
--- Get Client Response --- 
Status: 200
Headers:
	Lamport-Clock: 7
	Content-Length: 54
	Content-Type: application/json
----------------
Body:
  temperature: 20.5
  location: City1
  id: ID001
Received response. Update clock to: 8
--- Get Client Response --- 
Status: 200
Headers:
	Lamport-Clock: 7
	Content-Length: 54
	Content-Type: application/json
----------------
Body:
  temperature: 20.5
  location: City2
  id: ID002

Final verification: Sending GET requests for all station IDs to confirm data was stored correctly.
Verifying data for station ID000...
Successfully connected to localhost:4567
Client connected from: /127.0.0.1
Sent request at logical time: 1
Request from /127.0.0.1 added to queue. Queue size: 1
Received response. Update clock to: 9
--- Get Client Response --- 
Status: 200
Headers:
	Lamport-Clock: 8
	Content-Length: 54
	Content-Type: application/json
----------------
Body:
  temperature: 20.5
  location: City0
  id: ID000
Verifying data for station ID001...
Successfully connected to localhost:4567
Client connected from: /127.0.0.1
Sent request at logical time: 1
Request from /127.0.0.1 added to queue. Queue size: 1
Received response. Update clock to: 10
--- Get Client Response --- 
Status: 200
Headers:
	Lamport-Clock: 9
	Content-Length: 54
	Content-Type: application/json
----------------
Body:
  temperature: 20.5
  location: City1
  id: ID001
Verifying data for station ID002...
Successfully connected to localhost:4567
Client connected from: /127.0.0.1
Sent request at logical time: 1
Request from /127.0.0.1 added to queue. Queue size: 1
Received response. Update clock to: 11
--- Get Client Response --- 
Status: 200
Headers:
	Lamport-Clock: 10
	Content-Length: 54
	Content-Type: application/json
----------------
Body:
  temperature: 20.5
  location: City2
  id: ID002
Expected Outcome: All requests (both GET and PUT) are processed without errors, and the final GET requests retrieve the correct data. Check the console logs for confirmation.
--- Test TC-004 Finished ---

RequestListener thread shutting down.
RequestListener thread shutting down.
]]></system-out>
    <system-err><![CDATA[Error accepting or processing client connection: Socket closed
]]></system-err>
  </testcase>
  <testcase name="testSimultaneousPutRequests" classname="com.weather.ServerTests" time="2.525">
    <system-out><![CDATA[Starting Aggregation Server on port 4567...
No log file found or log is empty. Starting fresh
RequestListener is running and listening for client connections.

--- Running Test TC-003: Simultaneous PUT Requests ---
Starting 3 clients to send PUT requests concurrently...
Successfully connected to localhost:4567
Successfully connected to localhost:4567
Successfully connected to localhost:4567
Client connected from: /127.0.0.1
Sent request at logical time: 1
Sent request at logical time: 1
Sent request at logical time: 1
Request from /127.0.0.1 added to queue. Queue size: 1
PUT request for ID000 handled. Data stored.
Client connected from: /127.0.0.1
Received response. Update clock to: 3
--- Content Server Response --- 
Status: 200
Headers:
	Lamport-Clock: 2
	Content-Length: 29
	Content-Type: text/plain
Body: Success: Data saved for ID000
----------------
Success: Data uploaded successfully.
Request from /127.0.0.1 added to queue. Queue size: 1
Client connected from: /127.0.0.1
PUT request for ID001 handled. Data stored.
Received response. Update clock to: 4
--- Content Server Response --- 
Request from /127.0.0.1 added to queue. Queue size: 1
Status: 200
Headers:
	Lamport-Clock: 3
	Content-Length: 29
	Content-Type: text/plain
Body: Success: Data saved for ID001
----------------
Success: Data uploaded successfully.
PUT request for ID002 handled. Data stored.
Received response. Update clock to: 5
--- Content Server Response --- 
Status: 200
Headers:
	Lamport-Clock: 4
	Content-Length: 29
	Content-Type: text/plain
Body: Success: Data saved for ID002
----------------
Success: Data uploaded successfully.
All clients have sent their requests. Check the server logs to ensure all 3 PUT requests were processed correctly and without errors.
--- Test TC-003 Finished ---

RequestListener thread shutting down.
RequestListener thread shutting down.
]]></system-out>
    <system-err><![CDATA[Error accepting or processing client connection: Socket closed
]]></system-err>
  </testcase>
  <testcase name="testCrashAndRecovery" classname="com.weather.ServerTests" time="3.028">
    <system-out><![CDATA[Starting Aggregation Server on port 4567...
No log file found or log is empty. Starting fresh
RequestListener is running and listening for client connections.

--- Running Test TC-008: Crash and Recovery ---
Sending PUT requests for stations TC008_ID1 and TC008_ID2...
Successfully connected to localhost:4567
Client connected from: /127.0.0.1
Sent request at logical time: 1
Request from /127.0.0.1 added to queue. Queue size: 1
PUT request for TC008_ID1 handled. Data stored.
Received response. Update clock to: 3
--- Content Server Response --- 
Status: 200
Headers:
	Lamport-Clock: 2
	Content-Length: 33
	Content-Type: text/plain
Body: Success: Data saved for TC008_ID1
----------------
Success: Data uploaded successfully.
Successfully connected to localhost:4567
Client connected from: /127.0.0.1
Sent request at logical time: 1
Request from /127.0.0.1 added to queue. Queue size: 1
PUT request for TC008_ID2 handled. Data stored.
Received response. Update clock to: 4
--- Content Server Response --- 
Status: 200
Headers:
	Lamport-Clock: 3
	Content-Length: 33
	Content-Type: text/plain
Body: Success: Data saved for TC008_ID2
----------------
Success: Data uploaded successfully.

Simulating a server crash...
Server has crashed.

Restarting the server...
RequestListener thread shutting down.
RequestListener thread shutting down.
Starting Aggregation Server on port 4567...
Log file found. Beginning crash recovery
Recovery complete. No incomplete requests found.
RequestListener is running and listening for client connections.
Server has restarted.

Verifying data for station TC008_ID1...
Response for station TC008_ID1 should be null.
Successfully connected to localhost:4567
Client connected from: /127.0.0.1
Sent request at logical time: 1
Request from /127.0.0.1 added to queue. Queue size: 1
Received response. Update clock to: 3
--- Get Client Response --- 
Status: 404
Headers:
	Lamport-Clock: 2
----------------
Verifying data for station TC008_ID2...
Response for station TC008_ID2 should be null.
Successfully connected to localhost:4567
Client connected from: /127.0.0.1
Sent request at logical time: 1
Request from /127.0.0.1 added to queue. Queue size: 1
Received response. Update clock to: 4
--- Get Client Response --- 
Status: 404
Headers:
	Lamport-Clock: 3
----------------

SUCCESS: Both PUT requests were recovered after the simulated crash.
--- Test TC-008 Finished ---

RequestListener thread shutting down.
RequestListener thread shutting down.
]]></system-out>
    <system-err><![CDATA[Error accepting or processing client connection: Socket closed
Error: null
Error: null
Error accepting or processing client connection: Socket closed
]]></system-err>
  </testcase>
</testsuite>