<?xml version="1.0" encoding="UTF-8"?>
<testsuite xmlns:xsi="http://www.w3.org/2001/XMLSchema-instance" xsi:noNamespaceSchemaLocation="https://maven.apache.org/surefire/maven-surefire-plugin/xsd/surefire-test-report-3.0.xsd" version="3.0" name="com.weather.ServerTests" time="1.382" tests="1" errors="0" skipped="0" failures="0">
  <properties>
[...]
</properties>
  <testcase name="testSuccessfulPutRequest" classname="com.weather.ServerTests" time="1.353">
    <system-out><![CDATA[Starting Aggregation Server on port 4567...
No log file found or log is empty. Starting fresh
RequestListener is running and listening for client connections.

--- Running Test TC-001: Successful PUT Request ---
Client connected from: /127.0.0.1
Successfully connected to localhost:4567
Sent request at logical time: 1
Request from /127.0.0.1 added to queue. Queue size: 1
PUT request for ID001 handled. Data stored.
Received response. Update clock to: 3
--- Content Server Response --- 
Status: 200
Headers:
	Lamport-Clock: 2
	Content-Length: 29
	Content-Type: text/plain
Body: Success: Data saved for ID001
----------------
Success: Data uploaded successfully.
Successfully connected to localhost:4567
Client connected from: /127.0.0.1
Sent request at logical time: 1
Request from /127.0.0.1 added to queue. Queue size: 1
Received response. Update clock to: 4
--- Get Client Response --- 
Status: 200
Headers:
	Lamport-Clock: 3
	Content-Length: 94
	Content-Type: application/json
----------------
Body:
  cloud: Partly cloudy
  temperature: 13.3
  location: Adelaide
  id: ID001
  state: SA
Expected: Server accepts PUT, then GET retrieves the same data. Look at the console for 'GET Client Response'.
--- Test TC-001 Finished ---

RequestListener thread shutting down.
RequestListener thread shutting down.
]]></system-out>
    <system-err><![CDATA[Error accepting or processing client connection: Socket closed
]]></system-err>
  </testcase>
</testsuite>